0 info it worked if it ends with ok
1 verbose cli [ 'node', '/usr/local/bin/npm', 'install', '-g', 'ios-deploy' ]
2 info using npm@1.4.3
3 info using node@v0.10.26
4 verbose cache add [ 'ios-deploy', null ]
5 verbose cache add name=undefined spec="ios-deploy" args=["ios-deploy",null]
6 verbose parsed url { protocol: null,
6 verbose parsed url   slashes: null,
6 verbose parsed url   auth: null,
6 verbose parsed url   host: null,
6 verbose parsed url   port: null,
6 verbose parsed url   hostname: null,
6 verbose parsed url   hash: null,
6 verbose parsed url   search: null,
6 verbose parsed url   query: null,
6 verbose parsed url   pathname: 'ios-deploy',
6 verbose parsed url   path: 'ios-deploy',
6 verbose parsed url   href: 'ios-deploy' }
7 silly lockFile 69149c11-ios-deploy ios-deploy
8 verbose lock ios-deploy /Users/hibrise/.npm/69149c11-ios-deploy.lock
9 silly lockFile 69149c11-ios-deploy ios-deploy
10 silly lockFile 69149c11-ios-deploy ios-deploy
11 verbose addNamed [ 'ios-deploy', '' ]
12 verbose addNamed [ null, '*' ]
13 silly lockFile 9c508a6b-ios-deploy ios-deploy@
14 verbose lock ios-deploy@ /Users/hibrise/.npm/9c508a6b-ios-deploy.lock
15 silly addNameRange { name: 'ios-deploy', range: '*', hasData: false }
16 verbose url raw ios-deploy
17 verbose url resolving [ 'https://registry.npmjs.org/', './ios-deploy' ]
18 verbose url resolved https://registry.npmjs.org/ios-deploy
19 info trying registry request attempt 1 at 12:17:45
20 verbose etag "2DXG617BC72VBN9SDXRNR3A2V"
21 http GET https://registry.npmjs.org/ios-deploy
22 http 304 https://registry.npmjs.org/ios-deploy
23 silly registry.get cb [ 304,
23 silly registry.get   { date: 'Mon, 28 Apr 2014 06:47:46 GMT',
23 silly registry.get     server: 'Apache',
23 silly registry.get     via: '1.1 varnish',
23 silly registry.get     'last-modified': 'Mon, 28 Apr 2014 06:47:46 GMT',
23 silly registry.get     'cache-control': 'max-age=1',
23 silly registry.get     etag: '"2DXG617BC72VBN9SDXRNR3A2V"',
23 silly registry.get     'x-served-by': 'cache-hk91-HKG',
23 silly registry.get     'x-cache': 'MISS',
23 silly registry.get     'x-cache-hits': '0',
23 silly registry.get     'x-timer': 'S1398667666.306339741,VS0,VE304',
23 silly registry.get     vary: 'Accept',
23 silly registry.get     'content-length': '0',
23 silly registry.get     'keep-alive': 'timeout=10, max=50',
23 silly registry.get     connection: 'Keep-Alive' } ]
24 verbose etag ios-deploy from cache
25 silly addNameRange number 2 { name: 'ios-deploy', range: '*', hasData: true }
26 silly addNameRange versions [ 'ios-deploy',
26 silly addNameRange   [ '1.0.1', '1.0.2', '1.0.3', '1.0.4', '1.0.5', '1.0.6' ] ]
27 verbose addNamed [ 'ios-deploy', '1.0.6' ]
28 verbose addNamed [ '1.0.6', '1.0.6' ]
29 silly lockFile 705134c9-ios-deploy-1-0-6 ios-deploy@1.0.6
30 verbose lock ios-deploy@1.0.6 /Users/hibrise/.npm/705134c9-ios-deploy-1-0-6.lock
31 silly lockFile 705134c9-ios-deploy-1-0-6 ios-deploy@1.0.6
32 silly lockFile 705134c9-ios-deploy-1-0-6 ios-deploy@1.0.6
33 silly lockFile 9c508a6b-ios-deploy ios-deploy@
34 silly lockFile 9c508a6b-ios-deploy ios-deploy@
35 silly resolved [ { name: 'ios-deploy',
35 silly resolved     version: '1.0.6',
35 silly resolved     description: 'launch iOS apps iOS devices from the command line (Xcode 4)',
35 silly resolved     main: 'ios-deploy',
35 silly resolved     scripts: { preinstall: 'make ios-deploy' },
35 silly resolved     bin: { 'ios-deploy': './ios-deploy' },
35 silly resolved     repository: { type: 'git', url: 'https://github.com/phonegap/ios-deploy' },
35 silly resolved     keywords: [ 'ios-deploy', 'deploy to iOS device' ],
35 silly resolved     author: { name: 'Greg Hughes' },
35 silly resolved     license: 'GPLv3',
35 silly resolved     readme: 'ios-deploy\n==========\nInstall and debug iPhone apps without using Xcode. Designed to work on unjailbroken devices.\n\n## Requirements\n\n* Mac OS X. Tested on Snow Leopard only.\n* You need to have a valid iPhone development certificate installed.\n* Xcode must be installed, along with the SDK for your iOS version.\n\n## Usage\n\n    ./ios-deploy [OPTION]...\n      -d, --debug                  launch the app in GDB after installation\n      -i, --id <device_id>         the id of the device to connect to\n      -c, --detect                 only detect if the device is connected\n      -b, --bundle <bundle.app>    the path to the app bundle to be installed\n      -a, --args <args>            command line arguments to pass to the app when launching it\n      -t, --timeout <timeout>      number of seconds to wait for a device to be connected\n      -u, --unbuffered             don\'t buffer stdout\n      -g, --gdbargs <args>         extra arguments to pass to GDB when starting the debugger\n      -x, --gdbexec <file>         GDB commands script file\n      -n, --nostart                do not start the app when debugging\n      -v, --verbose                enable verbose output\n      -m, --noinstall              directly start debugging without app install (-d not required) \n      -V, --version                print the executable version\n\n## Demo\n\n* The included demo.app represents the minimum required to get code running on iOS.\n* `make install` will install demo.app to the device.\n* `make debug` will install demo.app and launch a GDB session.\n\n## Notes\n\n* With some modifications, it may be possible to use this without Xcode installed; however, you would need a copy of the relevant DeveloperDiskImage.dmg (included with Xcode). GDB would also run slower as symbols would be downloaded from the device on-the-fly.\n\n\n## Listing Device Ids\n\nDevice Ids are the UDIDs of the iOS devices. From the command line, you can list device ids [this way](http://javierhz.blogspot.com/2012/06/how-to-get-udid-of-iphone-using-shell.html):\n\n        system_profiler SPUSBDataType | sed -n -e \'/iPad/,/Serial/p\' -e \'/iPhone/,/Serial/p\' | grep "Serial Number:" | awk -F ": " \'{print $2}\'\n',
35 silly resolved     readmeFilename: 'README.md',
35 silly resolved     bugs: { url: 'https://github.com/phonegap/ios-deploy/issues' },
35 silly resolved     homepage: 'https://github.com/phonegap/ios-deploy',
35 silly resolved     _id: 'ios-deploy@1.0.6',
35 silly resolved     _from: 'ios-deploy@' } ]
36 info install ios-deploy@1.0.6 into /usr/local/lib
37 info installOne ios-deploy@1.0.6
38 info /usr/local/lib/node_modules/ios-deploy unbuild
39 verbose tar unpack /Users/hibrise/.npm/ios-deploy/1.0.6/package.tgz
40 silly lockFile d4189100-ocal-lib-node-modules-ios-deploy tar:///usr/local/lib/node_modules/ios-deploy
41 verbose lock tar:///usr/local/lib/node_modules/ios-deploy /Users/hibrise/.npm/d4189100-ocal-lib-node-modules-ios-deploy.lock
42 silly lockFile 1c862e29-npm-ios-deploy-1-0-6-package-tgz tar:///Users/hibrise/.npm/ios-deploy/1.0.6/package.tgz
43 verbose lock tar:///Users/hibrise/.npm/ios-deploy/1.0.6/package.tgz /Users/hibrise/.npm/1c862e29-npm-ios-deploy-1-0-6-package-tgz.lock
44 silly gunzTarPerm modes [ '755', '644' ]
45 error Error: EACCES, mkdir '/usr/local/lib/node_modules/ios-deploy'
45 error  { [Error: EACCES, mkdir '/usr/local/lib/node_modules/ios-deploy']
45 error   errno: 3,
45 error   code: 'EACCES',
45 error   path: '/usr/local/lib/node_modules/ios-deploy',
45 error   fstream_type: 'Directory',
45 error   fstream_path: '/usr/local/lib/node_modules/ios-deploy',
45 error   fstream_class: 'DirWriter',
45 error   fstream_stack:
45 error    [ '/usr/local/lib/node_modules/npm/node_modules/fstream/lib/dir-writer.js:36:23',
45 error      '/usr/local/lib/node_modules/npm/node_modules/mkdirp/index.js:37:53',
45 error      'Object.oncomplete (fs.js:107:15)' ] }
46 error Please try running this command again as root/Administrator.
47 error System Darwin 13.1.0
48 error command "node" "/usr/local/bin/npm" "install" "-g" "ios-deploy"
49 error cwd /Users/hibrise/Desktop/PhoneGap/hispark14
50 error node -v v0.10.26
51 error npm -v 1.4.3
52 error path /usr/local/lib/node_modules/ios-deploy
53 error fstream_path /usr/local/lib/node_modules/ios-deploy
54 error fstream_type Directory
55 error fstream_class DirWriter
56 error code EACCES
57 error errno 3
58 error stack Error: EACCES, mkdir '/usr/local/lib/node_modules/ios-deploy'
59 error fstream_stack /usr/local/lib/node_modules/npm/node_modules/fstream/lib/dir-writer.js:36:23
59 error fstream_stack /usr/local/lib/node_modules/npm/node_modules/mkdirp/index.js:37:53
59 error fstream_stack Object.oncomplete (fs.js:107:15)
60 verbose exit [ 3, true ]
